[2018-09-28 19:38:56] Текст ошибки Страница не найдена | Файл /var/www/eshop-php-project/public/index.php | Строка 10
--------------------
[2018-09-28 19:39:01] Текст ошибки Страница не найдена | Файл /var/www/eshop-php-project/public/index.php | Строка 10
--------------------
[2018-09-28 19:39:23] Текст ошибки Страница не найдена | Файл /var/www/eshop-php-project/public/index.php | Строка 10
--------------------
[2018-09-28 19:39:26] Текст ошибки Страница не найдена | Файл /var/www/eshop-php-project/public/index.php | Строка 10
--------------------
[2018-09-28 20:56:55] Текст ошибки Страница не найдена | Файл /var/www/eshop-php-project/public/index.php | Строка 10
--------------------
[2018-09-28 20:57:06] Текст ошибки Страница не найдена | Файл /var/www/eshop-php-project/public/index.php | Строка 10
--------------------
[2018-09-28 20:57:15] Текст ошибки Страница не найдена | Файл /var/www/eshop-php-project/public/index.php | Строка 10
--------------------
[2018-09-28 21:13:09] Текст ошибки: Страница не найдена | Файл: /var/www/eshop-php-project/public/index.php | Строка: 10 | Код: 404
--------------------
[2018-09-28 21:17:16] Текст ошибки: Страница не найдена | Файл: /var/www/eshop-php-project/public/index.php | Строка: 10 | Код: 404
--------------------
[2018-09-28 21:18:42] Текст ошибки: Страница не найдена | Файл: /var/www/eshop-php-project/public/index.php | Строка: 10 | Код: 404
--------------------
[2018-09-28 21:20:04] Текст ошибки: Страница не найдена | Файл: /var/www/eshop-php-project/public/index.php | Строка: 10 | Код: 404
--------------------
[2018-09-28 21:33:57] Текст ошибки: Страница не найдена | Файл: /var/www/eshop-php-project/public/index.php | Строка: 10 | Код: 404
--------------------
[2018-09-28 22:11:40] Текст ошибки: Страница не найдена | Файл: /var/www/eshop-php-project/public/index.php | Строка: 10 | Код: 404
--------------------
[2018-09-28 22:11:56] Текст ошибки: Страница не найдена | Файл: /var/www/eshop-php-project/public/index.php | Строка: 10 | Код: 404
--------------------
[2018-09-28 22:12:44] Текст ошибки: Страница не найдена | Файл: /var/www/eshop-php-project/public/index.php | Строка: 10 | Код: 404
--------------------
[2018-09-28 22:13:22] Текст ошибки: Страница не найдена | Файл: /var/www/eshop-php-project/public/index.php | Строка: 10 | Код: 404
--------------------
[2018-09-28 22:14:59] Текст ошибки: Страница не найдена | Файл: /var/www/eshop-php-project/public/index.php | Строка: 8 | Код: 500
--------------------
[2018-09-28 22:17:22] Текст ошибки: Страница не найдена | Файл: /var/www/eshop-php-project/public/index.php | Строка: 8 | Код: 404
--------------------
[2018-09-28 22:17:58] Текст ошибки: Страница не найдена | Файл: /var/www/eshop-php-project/public/index.php | Строка: 8 | Код: 404
--------------------
[2018-09-28 22:22:56] Текст ошибки: Страница не найдена | Файл: /var/www/eshop-php-project/public/index.php | Строка: 8 | Код: 404
--------------------
[2018-09-28 22:23:15] Текст ошибки: Страница не найдена | Файл: /var/www/eshop-php-project/public/index.php | Строка: 8 | Код: 404
--------------------
[2018-09-28 22:23:29] Текст ошибки: Страница не найдена | Файл: /var/www/eshop-php-project/public/index.php | Строка: 8 | Код: 404
--------------------
[2018-09-28 22:23:30] Текст ошибки: Страница не найдена | Файл: /var/www/eshop-php-project/public/index.php | Строка: 8 | Код: 404
--------------------
[2018-09-30 17:57:07] Текст ошибки: Страница не найдена | Файл: /var/www/eshop-php-project/public/index.php | Строка: 8 | Код: 404
--------------------
[2018-09-30 17:57:07] Текст ошибки: Страница не найдена | Файл: /var/www/eshop-php-project/public/index.php | Строка: 8 | Код: 404
--------------------
[2018-09-30 17:57:16] Текст ошибки: Страница не найдена | Файл: /var/www/eshop-php-project/public/index.php | Строка: 8 | Код: 404
--------------------
[2018-09-30 19:53:04] Текст ошибки: Call to undefined method ishop\Router::getProperties() | Файл: /var/www/eshop-php-project/public/index.php | Строка: 10 | Код: 0
--------------------
[2018-09-30 19:53:05] Текст ошибки: Call to undefined method ishop\Router::getProperties() | Файл: /var/www/eshop-php-project/public/index.php | Строка: 10 | Код: 0
--------------------
[2018-09-30 19:54:12] Текст ошибки: Call to undefined method ishop\Router::getProperties() | Файл: /var/www/eshop-php-project/public/index.php | Строка: 10 | Код: 0
--------------------
[2018-09-30 19:55:15] Текст ошибки: Undefined class constant 'routes' | Файл: /var/www/eshop-php-project/vendor/ishop/core/Router.php | Строка: 14 | Код: 0
--------------------
[2018-09-30 20:38:26] Текст ошибки: Call to undefined method ishop\Router::maatchRoute() | Файл: /var/www/eshop-php-project/vendor/ishop/core/Router.php | Строка: 22 | Код: 0
--------------------
[2018-09-30 20:38:28] Текст ошибки: Call to undefined method ishop\Router::maatchRoute() | Файл: /var/www/eshop-php-project/vendor/ishop/core/Router.php | Строка: 22 | Код: 0
--------------------
